d:\c++\derivativeslibrary\derivativeslibrary\derivativeslibrary\debug\vc140.pdb
d:\c++\derivativeslibrary\derivativeslibrary\derivativeslibrary\debug\vc140.idb
d:\c++\derivativeslibrary\derivativeslibrary\derivativeslibrary\debug\antithetic.obj
d:\c++\derivativeslibrary\derivativeslibrary\derivativeslibrary\debug\antithetic2.obj
d:\c++\derivativeslibrary\derivativeslibrary\derivativeslibrary\debug\array.obj
d:\c++\derivativeslibrary\derivativeslibrary\derivativeslibrary\debug\doubledigital.obj
d:\c++\derivativeslibrary\derivativeslibrary\derivativeslibrary\debug\main.obj
d:\c++\derivativeslibrary\derivativeslibrary\derivativeslibrary\debug\normals.obj
d:\c++\derivativeslibrary\derivativeslibrary\derivativeslibrary\debug\parameters.obj
d:\c++\derivativeslibrary\derivativeslibrary\derivativeslibrary\debug\parkmiller.obj
d:\c++\derivativeslibrary\derivativeslibrary\derivativeslibrary\debug\payoff1.obj
d:\c++\derivativeslibrary\derivativeslibrary\derivativeslibrary\debug\payoff2.obj
d:\c++\derivativeslibrary\derivativeslibrary\derivativeslibrary\debug\payoffbridge.obj
d:\c++\derivativeslibrary\derivativeslibrary\derivativeslibrary\debug\random1.obj
d:\c++\derivativeslibrary\derivativeslibrary\derivativeslibrary\debug\random2.obj
d:\c++\derivativeslibrary\derivativeslibrary\derivativeslibrary\debug\simplemc.obj
d:\c++\derivativeslibrary\derivativeslibrary\derivativeslibrary\debug\simplemc3.obj
d:\c++\derivativeslibrary\derivativeslibrary\derivativeslibrary\debug\simplemc6.obj
d:\c++\derivativeslibrary\derivativeslibrary\derivativeslibrary\debug\testheader.obj
d:\c++\derivativeslibrary\derivativeslibrary\derivativeslibrary\debug\vanilla1.obj
d:\c++\derivativeslibrary\derivativeslibrary\derivativeslibrary\debug\vanilla3.obj
d:\c++\derivativeslibrary\derivativeslibrary\debug\derivativeslibrary.pdb
d:\c++\derivativeslibrary\derivativeslibrary\derivativeslibrary\debug\derivati.99942b7e.tlog\cl.command.1.tlog
d:\c++\derivativeslibrary\derivativeslibrary\derivativeslibrary\debug\derivati.99942b7e.tlog\cl.read.1.tlog
d:\c++\derivativeslibrary\derivativeslibrary\derivativeslibrary\debug\derivati.99942b7e.tlog\cl.write.1.tlog
d:\c++\derivativeslibrary\derivativeslibrary\derivativeslibrary\debug\derivati.99942b7e.tlog\link.13180-cvtres.read.1.tlog
d:\c++\derivativeslibrary\derivativeslibrary\derivativeslibrary\debug\derivati.99942b7e.tlog\link.13180-cvtres.write.1.tlog
d:\c++\derivativeslibrary\derivativeslibrary\derivativeslibrary\debug\derivati.99942b7e.tlog\link.13180-rc.read.1.tlog
d:\c++\derivativeslibrary\derivativeslibrary\derivativeslibrary\debug\derivati.99942b7e.tlog\link.13180-rc.write.1.tlog
d:\c++\derivativeslibrary\derivativeslibrary\derivativeslibrary\debug\derivati.99942b7e.tlog\link.13180.read.1.tlog
d:\c++\derivativeslibrary\derivativeslibrary\derivativeslibrary\debug\derivati.99942b7e.tlog\link.13180.write.1.tlog
d:\c++\derivativeslibrary\derivativeslibrary\derivativeslibrary\debug\derivati.99942b7e.tlog\link.command.1.tlog
d:\c++\derivativeslibrary\derivativeslibrary\derivativeslibrary\debug\derivati.99942b7e.tlog\link.read.1.tlog
d:\c++\derivativeslibrary\derivativeslibrary\derivativeslibrary\debug\derivati.99942b7e.tlog\link.write.1.tlog
